<?xml version="1.0" encoding="UTF-8"?>
<testng-results skipped="0" failed="0" ignored="0" total="2" passed="2">
  <reporter-output>
  </reporter-output>
  <suite name="Suite" duration-ms="44795" started-at="2020-12-16T14:19:08Z" finished-at="2020-12-16T14:19:53Z">
    <groups>
    </groups>
    <test name="Test" duration-ms="44795" started-at="2020-12-16T14:19:08Z" finished-at="2020-12-16T14:19:53Z">
      <class name="testNgScripts.Mi">
        <test-method status="PASS" signature="login()[pri:0, instance:testNgScripts.Mi@5c3bd550]" name="login" is-config="true" duration-ms="13825" started-at="2020-12-16T14:19:30Z" finished-at="2020-12-16T14:19:44Z">
          <reporter-output>
          </reporter-output>
        </test-method> <!-- login -->
        <test-method status="PASS" signature="miMobile()[pri:0, instance:testNgScripts.Mi@5c3bd550]" name="miMobile" duration-ms="8382" started-at="2020-12-16T14:19:44Z" finished-at="2020-12-16T14:19:52Z">
          <reporter-output>
          </reporter-output>
        </test-method> <!-- miMobile -->
        <test-method status="PASS" signature="logout()[pri:0, instance:testNgScripts.Mi@5c3bd550]" name="logout" is-config="true" duration-ms="1008" started-at="2020-12-16T14:19:52Z" finished-at="2020-12-16T14:19:53Z">
          <reporter-output>
          </reporter-output>
        </test-method> <!-- logout -->
      </class> <!-- testNgScripts.Mi -->
      <class name="testNgScripts.SearchMobile">
        <test-method status="PASS" signature="login()[pri:0, instance:testNgScripts.SearchMobile@5e3a8624]" name="login" is-config="true" duration-ms="14997" started-at="2020-12-16T14:19:08Z" finished-at="2020-12-16T14:19:23Z">
          <reporter-output>
          </reporter-output>
        </test-method> <!-- login -->
        <test-method status="PASS" signature="searchMobile()[pri:0, instance:testNgScripts.SearchMobile@5e3a8624]" name="searchMobile" duration-ms="5475" started-at="2020-12-16T14:19:23Z" finished-at="2020-12-16T14:19:29Z">
          <reporter-output>
          </reporter-output>
        </test-method> <!-- searchMobile -->
        <test-method status="PASS" signature="logout()[pri:0, instance:testNgScripts.SearchMobile@5e3a8624]" name="logout" is-config="true" duration-ms="1052" started-at="2020-12-16T14:19:29Z" finished-at="2020-12-16T14:19:30Z">
          <reporter-output>
          </reporter-output>
        </test-method> <!-- logout -->
      </class> <!-- testNgScripts.SearchMobile -->
    </test> <!-- Test -->
  </suite> <!-- Suite -->
</testng-results>
